Removed Pin From Net: NetName=VCC1 Pin=P1-1
Removed Pin From Net: NetName=VCC1 Pin=P1-2
Removed Pin From Net: NetName=VCC1 Pin=P1-3
Removed Pin From Net: NetName=VCC1 Pin=P1-4
Removed Pin From Net: NetName=VCC1 Pin=P1-5
Removed Pin From Net: NetName=VCC1 Pin=P1-6
Removed Pin From Net: NetName=VCC1 Pin=P1-7
Removed Pin From Net: NetName=VCC1 Pin=P1-8
Removed Pin From Net: NetName=VCC Pin=P1-9
Removed Pin From Net: NetName=VCC Pin=P1-10
Removed Pin From Net: NetName=VCC Pin=P1-12
Removed Pin From Net: NetName=GND1 Pin=P1-13
Removed Pin From Net: NetName=GND1 Pin=P1-14
Removed Pin From Net: NetName=GND Pin=P1-15
Removed Pin From Net: NetName=GND Pin=P1-16
Removed Pin From Net: NetName=GND Pin=P1-17
Removed Pin From Net: NetName=GND3 Pin=P1-18
Removed Pin From Net: NetName=GND1 Pin=P1-19
Removed Pin From Net: NetName=GND1 Pin=P1-20
Removed Pin From Net: NetName=GND1 Pin=P1-21
Removed Pin From Net: NetName=GND2 Pin=P1-22
Removed Pin From Net: NetName=VSUN Pin=P1-24
Added Pin To Net: NetName=GND1 Pin=P1-1
Added Pin To Net: NetName=GND1 Pin=P1-2
Added Pin To Net: NetName=GND Pin=P1-3
Added Pin To Net: NetName=GND Pin=P1-4
Added Pin To Net: NetName=GND Pin=P1-5
Added Pin To Net: NetName=GND3 Pin=P1-6
Added Pin To Net: NetName=GND1 Pin=P1-7
Added Pin To Net: NetName=GND1 Pin=P1-8
Added Pin To Net: NetName=GND1 Pin=P1-9
Added Pin To Net: NetName=GND2 Pin=P1-10
Added Pin To Net: NetName=VSUN Pin=P1-12
Added Pin To Net: NetName=VCC1 Pin=P1-13
Added Pin To Net: NetName=VCC1 Pin=P1-14
Added Pin To Net: NetName=VCC1 Pin=P1-15
Added Pin To Net: NetName=VCC1 Pin=P1-16
Added Pin To Net: NetName=VCC1 Pin=P1-17
Added Pin To Net: NetName=VCC1 Pin=P1-18
Added Pin To Net: NetName=VCC1 Pin=P1-19
Added Pin To Net: NetName=VCC1 Pin=P1-20
Added Pin To Net: NetName=VCC Pin=P1-21
Added Pin To Net: NetName=VCC Pin=P1-22
Added Pin To Net: NetName=VCC Pin=P1-24
Added Room: Name=STM32CC
