Added Component: Designator=C1(0603)
Added Component: Designator=C2(0603)
Added Component: Designator=C3(0603)
Added Component: Designator=C4(0603)
Added Component: Designator=C5(0603)
Added Component: Designator=C6(0603)
Added Component: Designator=C7(0603)
Added Component: Designator=C8(1206)
Added Component: Designator=C9(0603)
Added Component: Designator=C10(0603)
Added Component: Designator=C11(1206)
Added Component: Designator=C12(0603)
Added Component: Designator=C13(0603)
Added Component: Designator=C14(0603)
Added Component: Designator=C15(0603)
Added Component: Designator=D1(1N4007-M7)
Added Component: Designator=D2(1N4007-M7)
Added Component: Designator=D3(1N4007-M7)
Added Component: Designator=D4(DO-214AB)
Added Component: Designator=D5(LED-3mm)
Added Component: Designator=P1(HDR2X12_CEN)
Added Component: Designator=P2(HDR2X12_CEN)
Added Component: Designator=P3(HDR1X5)
Added Component: Designator=Q1(SOT23-3)
Added Component: Designator=Q2(SOT23-3)
Added Component: Designator=Q3(SOT23-3)
Added Component: Designator=Q4(SOT-23)
Added Component: Designator=R1(0603)
Added Component: Designator=R2(0603)
Added Component: Designator=R3(0603)
Added Component: Designator=R4(0805)
Added Component: Designator=R5(0805)
Added Component: Designator=R6(0805)
Added Component: Designator=R7(0805)
Added Component: Designator=R8(0603)
Added Component: Designator=R9(0603)
Added Component: Designator=R10(0603)
Added Component: Designator=R11(0603)
Added Component: Designator=R12(0603)
Added Component: Designator=R13(0805)
Added Component: Designator=R14(0805)
Added Component: Designator=R15(0603)
Added Component: Designator=R16(0603)
Added Component: Designator=R17(0603)
Added Component: Designator=R18(0805)
Added Component: Designator=R19(0805)
Added Component: Designator=R20(0603)
Added Component: Designator=R21(0603)
Added Component: Designator=R22(0603)
Added Component: Designator=R23(0603)
Added Component: Designator=R24(0603)
Added Component: Designator=U1(LQFP48_N)
Added Component: Designator=U2(PCBComponent_1)
Added Pin To Net: NetName=+5V Pin=D3-1
Added Pin To Net: NetName=+5V Pin=P2-24
Added Net: Name=+5V
Added Pin To Net: NetName=BEM280 Pin=P2-2
Added Pin To Net: NetName=BEM280 Pin=R9-2
Added Net: Name=BEM280
Added Pin To Net: NetName=DATA1 Pin=P2-4
Added Pin To Net: NetName=DATA1 Pin=R1-1
Added Net: Name=DATA1
Added Pin To Net: NetName=DATA2 Pin=P2-16
Added Pin To Net: NetName=DATA2 Pin=R2-1
Added Net: Name=DATA2
Added Pin To Net: NetName=DATA3 Pin=P2-5
Added Pin To Net: NetName=DATA3 Pin=R10-1
Added Net: Name=DATA3
Added Pin To Net: NetName=DATA4 Pin=P2-17
Added Pin To Net: NetName=DATA4 Pin=R11-1
Added Net: Name=DATA4
Added Pin To Net: NetName=GND1 Pin=C1-2
Added Pin To Net: NetName=GND1 Pin=P1-13
Added Pin To Net: NetName=GND1 Pin=P1-14
Added Pin To Net: NetName=GND1 Pin=P1-19
Added Pin To Net: NetName=GND1 Pin=P1-20
Added Pin To Net: NetName=GND1 Pin=P1-21
Added Pin To Net: NetName=GND1 Pin=Q1-3
Added Net: Name=GND1
Added Pin To Net: NetName=GND2 Pin=C4-2
Added Pin To Net: NetName=GND2 Pin=P1-22
Added Pin To Net: NetName=GND2 Pin=Q2-3
Added Net: Name=GND2
Added Pin To Net: NetName=GND3 Pin=C5-2
Added Pin To Net: NetName=GND3 Pin=P1-18
Added Pin To Net: NetName=GND3 Pin=Q3-3
Added Net: Name=GND3
Added Pin To Net: NetName=GND Pin=C1-1
Added Pin To Net: NetName=GND Pin=C2-2
Added Pin To Net: NetName=GND Pin=C3-2
Added Pin To Net: NetName=GND Pin=C4-1
Added Pin To Net: NetName=GND Pin=C5-1
Added Pin To Net: NetName=GND Pin=C6-2
Added Pin To Net: NetName=GND Pin=C7-2
Added Pin To Net: NetName=GND Pin=C8-2
Added Pin To Net: NetName=GND Pin=C9-2
Added Pin To Net: NetName=GND Pin=C10-1
Added Pin To Net: NetName=GND Pin=C11-2
Added Pin To Net: NetName=GND Pin=C12-1
Added Pin To Net: NetName=GND Pin=C13-1
Added Pin To Net: NetName=GND Pin=C14-1
Added Pin To Net: NetName=GND Pin=C15-2
Added Pin To Net: NetName=GND Pin=D4-1
Added Pin To Net: NetName=GND Pin=P1-11
Added Pin To Net: NetName=GND Pin=P1-15
Added Pin To Net: NetName=GND Pin=P1-16
Added Pin To Net: NetName=GND Pin=P1-17
Added Pin To Net: NetName=GND Pin=P1-23
Added Pin To Net: NetName=GND Pin=P2-11
Added Pin To Net: NetName=GND Pin=P2-23
Added Pin To Net: NetName=GND Pin=P3-2
Added Pin To Net: NetName=GND Pin=Q1-2
Added Pin To Net: NetName=GND Pin=Q2-2
Added Pin To Net: NetName=GND Pin=Q3-2
Added Pin To Net: NetName=GND Pin=Q4-2
Added Pin To Net: NetName=GND Pin=R3-1
Added Pin To Net: NetName=GND Pin=R6-1
Added Pin To Net: NetName=GND Pin=R7-1
Added Pin To Net: NetName=GND Pin=R15-1
Added Pin To Net: NetName=GND Pin=R16-1
Added Pin To Net: NetName=GND Pin=R18-1
Added Pin To Net: NetName=GND Pin=R19-1
Added Pin To Net: NetName=GND Pin=R24-1
Added Pin To Net: NetName=GND Pin=R24-2
Added Pin To Net: NetName=GND Pin=U1-8
Added Pin To Net: NetName=GND Pin=U1-23
Added Pin To Net: NetName=GND Pin=U1-35
Added Pin To Net: NetName=GND Pin=U1-47
Added Pin To Net: NetName=GND Pin=U2-2
Added Pin To Net: NetName=GND Pin=U2-2
Added Net: Name=GND
Added Pin To Net: NetName=IQS127D Pin=P2-10
Added Pin To Net: NetName=IQS127D Pin=R17-2
Added Net: Name=IQS127D
Added Pin To Net: NetName=MAX44009 Pin=P2-1
Added Pin To Net: NetName=MAX44009 Pin=R8-2
Added Net: Name=MAX44009
Added Pin To Net: NetName=NetC2_1 Pin=C2-1
Added Pin To Net: NetName=NetC2_1 Pin=R4-1
Added Pin To Net: NetName=NetC2_1 Pin=R6-2
Added Net: Name=NetC2_1
Added Pin To Net: NetName=NetC3_1 Pin=C3-1
Added Pin To Net: NetName=NetC3_1 Pin=R5-1
Added Pin To Net: NetName=NetC3_1 Pin=R7-2
Added Net: Name=NetC3_1
Added Pin To Net: NetName=NetC6_1 Pin=C6-1
Added Pin To Net: NetName=NetC6_1 Pin=R13-1
Added Pin To Net: NetName=NetC6_1 Pin=R18-2
Added Net: Name=NetC6_1
Added Pin To Net: NetName=NetC7_1 Pin=C7-1
Added Pin To Net: NetName=NetC7_1 Pin=R14-1
Added Pin To Net: NetName=NetC7_1 Pin=R19-2
Added Net: Name=NetC7_1
Added Pin To Net: NetName=NetD5_1 Pin=D5-1
Added Pin To Net: NetName=NetD5_1 Pin=R21-2
Added Net: Name=NetD5_1
Added Pin To Net: NetName=NetD5_2 Pin=D5-2
Added Pin To Net: NetName=NetD5_2 Pin=Q4-3
Added Net: Name=NetD5_2
Added Pin To Net: NetName=NetQ4_1 Pin=Q4-1
Added Pin To Net: NetName=NetQ4_1 Pin=R22-1
Added Net: Name=NetQ4_1
Added Pin To Net: NetName=NetR23_2 Pin=R23-2
Added Pin To Net: NetName=NetR23_2 Pin=U1-36
Added Net: Name=NetR23_2
Added Pin To Net: NetName=NRST Pin=C15-1
Added Pin To Net: NetName=NRST Pin=P3-5
Added Pin To Net: NetName=NRST Pin=U1-7
Added Net: Name=NRST
Added Pin To Net: NetName=PA0 Pin=P2-3
Added Pin To Net: NetName=PA0 Pin=U1-10
Added Net: Name=PA0
Added Pin To Net: NetName=PA1 Pin=Q2-1
Added Pin To Net: NetName=PA1 Pin=R15-2
Added Pin To Net: NetName=PA1 Pin=U1-11
Added Net: Name=PA1
Added Pin To Net: NetName=PA2 Pin=U1-12
Added Pin To Net: NetName=PA2 Pin=U2-4
Added Net: Name=PA2
Added Pin To Net: NetName=PA3 Pin=U1-13
Added Pin To Net: NetName=PA3 Pin=U2-3
Added Net: Name=PA3
Added Pin To Net: NetName=PA4 Pin=R1-2
Added Pin To Net: NetName=PA4 Pin=R4-2
Added Pin To Net: NetName=PA4 Pin=U1-14
Added Net: Name=PA4
Added Pin To Net: NetName=PA5 Pin=R2-2
Added Pin To Net: NetName=PA5 Pin=R5-2
Added Pin To Net: NetName=PA5 Pin=U1-15
Added Net: Name=PA5
Added Pin To Net: NetName=PA6 Pin=R9-1
Added Pin To Net: NetName=PA6 Pin=U1-16
Added Net: Name=PA6
Added Pin To Net: NetName=PA7 Pin=R17-1
Added Pin To Net: NetName=PA7 Pin=U1-17
Added Net: Name=PA7
Added Pin To Net: NetName=PA9 Pin=P2-6
Added Pin To Net: NetName=PA9 Pin=U1-30
Added Net: Name=PA9
Added Pin To Net: NetName=PA10 Pin=P2-18
Added Pin To Net: NetName=PA10 Pin=U1-31
Added Net: Name=PA10
Added Pin To Net: NetName=PA12 Pin=Q3-1
Added Pin To Net: NetName=PA12 Pin=R16-2
Added Pin To Net: NetName=PA12 Pin=U1-33
Added Net: Name=PA12
Added Pin To Net: NetName=PA13 Pin=P3-3
Added Pin To Net: NetName=PA13 Pin=U1-34
Added Net: Name=PA13
Added Pin To Net: NetName=PA14 Pin=P3-4
Added Pin To Net: NetName=PA14 Pin=U1-37
Added Net: Name=PA14
Added Pin To Net: NetName=PB0 Pin=R10-2
Added Pin To Net: NetName=PB0 Pin=R13-2
Added Pin To Net: NetName=PB0 Pin=U1-18
Added Net: Name=PB0
Added Pin To Net: NetName=PB1 Pin=R11-2
Added Pin To Net: NetName=PB1 Pin=R14-2
Added Pin To Net: NetName=PB1 Pin=U1-19
Added Net: Name=PB1
Added Pin To Net: NetName=PB2 Pin=R22-2
Added Pin To Net: NetName=PB2 Pin=U1-20
Added Net: Name=PB2
Added Pin To Net: NetName=PB3 Pin=P2-8
Added Pin To Net: NetName=PB3 Pin=U1-39
Added Net: Name=PB3
Added Pin To Net: NetName=PB4 Pin=P2-20
Added Pin To Net: NetName=PB4 Pin=U1-40
Added Net: Name=PB4
Added Pin To Net: NetName=PB6 Pin=R8-1
Added Pin To Net: NetName=PB6 Pin=U1-42
Added Net: Name=PB6
Added Pin To Net: NetName=PB7 Pin=R12-1
Added Pin To Net: NetName=PB7 Pin=U1-43
Added Net: Name=PB7
Added Pin To Net: NetName=PB10 Pin=P2-7
Added Pin To Net: NetName=PB10 Pin=U1-21
Added Net: Name=PB10
Added Pin To Net: NetName=PB11 Pin=P2-19
Added Pin To Net: NetName=PB11 Pin=U1-22
Added Net: Name=PB11
Added Pin To Net: NetName=PB13 Pin=Q1-1
Added Pin To Net: NetName=PB13 Pin=R3-2
Added Pin To Net: NetName=PB13 Pin=U1-26
Added Net: Name=PB13
Added Pin To Net: NetName=PB14 Pin=U1-27
Added Net: Name=PB14
Added Pin To Net: NetName=PB15 Pin=U1-28
Added Net: Name=PB15
Added Pin To Net: NetName=PC13 Pin=R20-1
Added Pin To Net: NetName=PC13 Pin=U1-2
Added Net: Name=PC13
Added Pin To Net: NetName=SCK Pin=D4-2
Added Pin To Net: NetName=SCK Pin=P2-13
Added Pin To Net: NetName=SCK Pin=P2-14
Added Pin To Net: NetName=SCK Pin=P2-15
Added Pin To Net: NetName=SCK Pin=P2-21
Added Pin To Net: NetName=SCK Pin=P2-22
Added Pin To Net: NetName=SCK Pin=R20-2
Added Net: Name=SCK
Added Pin To Net: NetName=SHT10_DIS Pin=P2-9
Added Pin To Net: NetName=SHT10_DIS Pin=R12-2
Added Net: Name=SHT10_DIS
Added Pin To Net: NetName=VCC1 Pin=C8-1
Added Pin To Net: NetName=VCC1 Pin=C9-1
Added Pin To Net: NetName=VCC1 Pin=C10-2
Added Pin To Net: NetName=VCC1 Pin=C11-1
Added Pin To Net: NetName=VCC1 Pin=C12-2
Added Pin To Net: NetName=VCC1 Pin=C13-2
Added Pin To Net: NetName=VCC1 Pin=C14-2
Added Pin To Net: NetName=VCC1 Pin=D1-2
Added Pin To Net: NetName=VCC1 Pin=P1-1
Added Pin To Net: NetName=VCC1 Pin=P1-2
Added Pin To Net: NetName=VCC1 Pin=P1-3
Added Pin To Net: NetName=VCC1 Pin=P1-4
Added Pin To Net: NetName=VCC1 Pin=P1-5
Added Pin To Net: NetName=VCC1 Pin=P1-6
Added Pin To Net: NetName=VCC1 Pin=P1-7
Added Pin To Net: NetName=VCC1 Pin=P1-8
Added Pin To Net: NetName=VCC1 Pin=P3-1
Added Pin To Net: NetName=VCC1 Pin=R21-1
Added Pin To Net: NetName=VCC1 Pin=R23-1
Added Pin To Net: NetName=VCC1 Pin=U1-1
Added Pin To Net: NetName=VCC1 Pin=U1-9
Added Pin To Net: NetName=VCC1 Pin=U1-24
Added Pin To Net: NetName=VCC1 Pin=U1-48
Added Net: Name=VCC1
Added Pin To Net: NetName=VCC Pin=D1-1
Added Pin To Net: NetName=VCC Pin=D2-2
Added Pin To Net: NetName=VCC Pin=P1-9
Added Pin To Net: NetName=VCC Pin=P1-10
Added Pin To Net: NetName=VCC Pin=P1-12
Added Pin To Net: NetName=VCC Pin=U2-1
Added Pin To Net: NetName=VCC Pin=U2-1
Added Net: Name=VCC
Added Pin To Net: NetName=VSUN Pin=D2-1
Added Pin To Net: NetName=VSUN Pin=D3-2
Added Pin To Net: NetName=VSUN Pin=P1-24
Added Pin To Net: NetName=VSUN Pin=P2-12
Added Net: Name=VSUN
Added Class: Name=STM32CC
Added Room: Name=STM32CC
