Added Component: Designator=C1(0603)
Added Component: Designator=C2(0603)
Added Component: Designator=C3(0603)
Added Component: Designator=C4(0603)
Added Component: Designator=C5(0603)
Added Component: Designator=C6(0603)
Added Component: Designator=C7(0603)
Added Component: Designator=C8(0603)
Added Component: Designator=C9(0603)
Added Component: Designator=C10(0603)
Added Component: Designator=C11(0603)
Added Component: Designator=C12(1206)
Added Component: Designator=Card1(SIM)
Added Component: Designator=D1(SOT23-6)
Added Component: Designator=D2(LED-3mm)
Added Component: Designator=D3(DO-214AB)
Added Component: Designator=E1(IPX)
Added Component: Designator=P1(HDR1X4)
Added Component: Designator=P2(HDR1X2)
Added Component: Designator=Q1(SOT-23)
Added Component: Designator=R1(0603)
Added Component: Designator=R2(0603)
Added Component: Designator=R3(0603)
Added Component: Designator=R4(0603)
Added Component: Designator=R5(0603)
Added Component: Designator=R6(0603)
Added Component: Designator=R7(0603)
Added Component: Designator=R8(0603)
Added Component: Designator=U1(BC95)
Added Pin To Net: NetName=GND Pin=C1-2
Added Pin To Net: NetName=GND Pin=C2-1
Added Pin To Net: NetName=GND Pin=C3-1
Added Pin To Net: NetName=GND Pin=C4-1
Added Pin To Net: NetName=GND Pin=C5-1
Added Pin To Net: NetName=GND Pin=C6-1
Added Pin To Net: NetName=GND Pin=C7-1
Added Pin To Net: NetName=GND Pin=C8-1
Added Pin To Net: NetName=GND Pin=C9-1
Added Pin To Net: NetName=GND Pin=C10-1
Added Pin To Net: NetName=GND Pin=C11-1
Added Pin To Net: NetName=GND Pin=C12-2
Added Pin To Net: NetName=GND Pin=Card1-4
Added Pin To Net: NetName=GND Pin=D1-2
Added Pin To Net: NetName=GND Pin=D3-1
Added Pin To Net: NetName=GND Pin=P1-2
Added Pin To Net: NetName=GND Pin=Q1-2
Added Pin To Net: NetName=GND Pin=R7-2
Added Pin To Net: NetName=GND Pin=U1-2
Added Pin To Net: NetName=GND Pin=U1-42
Added Pin To Net: NetName=GND Pin=U1-43
Added Pin To Net: NetName=GND Pin=U1-47
Added Pin To Net: NetName=GND Pin=U1-48
Added Pin To Net: NetName=GND Pin=U1-51
Added Pin To Net: NetName=GND Pin=U1-52
Added Pin To Net: NetName=GND Pin=U1-54
Added Pin To Net: NetName=GND Pin=U1-59
Added Pin To Net: NetName=GND Pin=U1-60
Added Pin To Net: NetName=GND Pin=U1-61
Added Pin To Net: NetName=GND Pin=U1-62
Added Pin To Net: NetName=GND Pin=U1-63
Added Pin To Net: NetName=GND Pin=U1-64
Added Pin To Net: NetName=GND Pin=U1-65
Added Pin To Net: NetName=GND Pin=U1-66
Added Pin To Net: NetName=GND Pin=U1-71
Added Pin To Net: NetName=GND Pin=U1-72
Added Pin To Net: NetName=GND Pin=U1-73
Added Pin To Net: NetName=GND Pin=U1-74
Added Pin To Net: NetName=GND Pin=U1-81
Added Pin To Net: NetName=GND Pin=U1-82
Added Pin To Net: NetName=GND Pin=U1-83
Added Pin To Net: NetName=GND Pin=U1-92
Added Pin To Net: NetName=GND Pin=U1-93
Added Pin To Net: NetName=GND Pin=U1-94
Added Net: Name=GND
Added Pin To Net: NetName=NetC1_1 Pin=C1-1
Added Pin To Net: NetName=NetC1_1 Pin=R1-2
Added Pin To Net: NetName=NetC1_1 Pin=U1-15
Added Net: Name=NetC1_1
Added Pin To Net: NetName=NetC3_2 Pin=C3-2
Added Pin To Net: NetName=NetC3_2 Pin=E1-1
Added Pin To Net: NetName=NetC3_2 Pin=R2-2
Added Net: Name=NetC3_2
Added Pin To Net: NetName=NetC5_2 Pin=C5-2
Added Pin To Net: NetName=NetC5_2 Pin=Card1-3
Added Pin To Net: NetName=NetC5_2 Pin=D1-4
Added Pin To Net: NetName=NetC5_2 Pin=R3-1
Added Net: Name=NetC5_2
Added Pin To Net: NetName=NetC6_2 Pin=C6-2
Added Pin To Net: NetName=NetC6_2 Pin=Card1-6
Added Pin To Net: NetName=NetC6_2 Pin=D1-3
Added Pin To Net: NetName=NetC6_2 Pin=R4-1
Added Net: Name=NetC6_2
Added Pin To Net: NetName=NetC7_2 Pin=C7-2
Added Pin To Net: NetName=NetC7_2 Pin=Card1-2
Added Pin To Net: NetName=NetC7_2 Pin=D1-1
Added Pin To Net: NetName=NetC7_2 Pin=R5-1
Added Net: Name=NetC7_2
Added Pin To Net: NetName=NetD2_2 Pin=D2-2
Added Pin To Net: NetName=NetD2_2 Pin=R8-2
Added Net: Name=NetD2_2
Added Pin To Net: NetName=NETLIGHT Pin=R6-1
Added Pin To Net: NetName=NETLIGHT Pin=U1-18
Added Net: Name=NETLIGHT
Added Pin To Net: NetName=NetQ1_1 Pin=Q1-1
Added Pin To Net: NetName=NetQ1_1 Pin=R6-2
Added Pin To Net: NetName=NetQ1_1 Pin=R7-1
Added Net: Name=NetQ1_1
Added Pin To Net: NetName=NetQ1_3 Pin=Q1-3
Added Pin To Net: NetName=NetQ1_3 Pin=R8-1
Added Net: Name=NetQ1_3
Added Pin To Net: NetName=REST Pin=P2-1
Added Pin To Net: NetName=REST Pin=R1-1
Added Net: Name=REST
Added Pin To Net: NetName=RF_ANT Pin=C2-2
Added Pin To Net: NetName=RF_ANT Pin=R2-1
Added Pin To Net: NetName=RF_ANT Pin=U1-53
Added Net: Name=RF_ANT
Added Pin To Net: NetName=RING Pin=P2-2
Added Pin To Net: NetName=RING Pin=U1-34
Added Net: Name=RING
Added Pin To Net: NetName=RXD Pin=P1-4
Added Pin To Net: NetName=RXD Pin=U1-29
Added Net: Name=RXD
Added Pin To Net: NetName=TXD Pin=P1-3
Added Pin To Net: NetName=TXD Pin=U1-30
Added Net: Name=TXD
Added Pin To Net: NetName=USIM_CLK Pin=R3-2
Added Pin To Net: NetName=USIM_CLK Pin=U1-41
Added Net: Name=USIM_CLK
Added Pin To Net: NetName=USIM_DATA Pin=R4-2
Added Pin To Net: NetName=USIM_DATA Pin=U1-40
Added Net: Name=USIM_DATA
Added Pin To Net: NetName=USIM_RST Pin=R5-2
Added Pin To Net: NetName=USIM_RST Pin=U1-39
Added Net: Name=USIM_RST
Added Pin To Net: NetName=USIM_VDD Pin=C4-2
Added Pin To Net: NetName=USIM_VDD Pin=Card1-1
Added Pin To Net: NetName=USIM_VDD Pin=D1-6
Added Pin To Net: NetName=USIM_VDD Pin=U1-38
Added Net: Name=USIM_VDD
Added Pin To Net: NetName=VBAT Pin=C8-2
Added Pin To Net: NetName=VBAT Pin=C9-2
Added Pin To Net: NetName=VBAT Pin=C10-2
Added Pin To Net: NetName=VBAT Pin=C11-2
Added Pin To Net: NetName=VBAT Pin=C12-1
Added Pin To Net: NetName=VBAT Pin=D2-1
Added Pin To Net: NetName=VBAT Pin=D3-2
Added Pin To Net: NetName=VBAT Pin=P1-1
Added Pin To Net: NetName=VBAT Pin=U1-45
Added Pin To Net: NetName=VBAT Pin=U1-46
Added Net: Name=VBAT
Added Class: Name=BC95+SIM
Added Room: Name=BC95+SIM
