Removed Pin From Net: NetName=NETLIGHT Pin=P2-2
Removed Pin From Net: NetName=RING Pin=P2-3
Change Component DesignItemId : Designator=P2 Old DesignItemId=Header 3 New DesignItemId=Header 2
Change Component Footprint: Designator=P2 Old Footprint=HDR1X3 New Footprint=HDR1X2
Change Component Comment : Designator=P2 Old Comment=Header 3 New Comment=Header 2
Added Component: Designator=D2(LED-3mm)
Added Component: Designator=Q1(SOT-23)
Added Component: Designator=R6(0603)
Added Component: Designator=R7(0603)
Added Component: Designator=R8(0603)
Added Pin To Net: NetName=VBAT Pin=D2-1
Added Pin To Net: NetName=RING Pin=P2-2
Added Pin To Net: NetName=GND Pin=Q1-2
Added Pin To Net: NetName=NETLIGHT Pin=R6-1
Added Pin To Net: NetName=GND Pin=R7-2
Added Pin To Net: NetName=NetD2_2 Pin=D2-2
Added Pin To Net: NetName=NetD2_2 Pin=R8-2
Added Net: Name=NetD2_2
Added Pin To Net: NetName=NetQ1_1 Pin=Q1-1
Added Pin To Net: NetName=NetQ1_1 Pin=R6-2
Added Pin To Net: NetName=NetQ1_1 Pin=R7-1
Added Net: Name=NetQ1_1
Added Pin To Net: NetName=NetQ1_3 Pin=Q1-3
Added Pin To Net: NetName=NetQ1_3 Pin=R8-1
Added Net: Name=NetQ1_3
Added Member To Class: ClassName=BC95+SIM Member=Component D2 LED BLUE
Added Member To Class: ClassName=BC95+SIM Member=Component Q1 9013
Added Member To Class: ClassName=BC95+SIM Member=Component R6 Res2
Added Member To Class: ClassName=BC95+SIM Member=Component R7 Res2
Added Member To Class: ClassName=BC95+SIM Member=Component R8 Res2
Added Room: Name=BC95+SIM
