Removed Pin From Net: NetName=NetD6_2 Pin=R2-2
Removed Pin From Net: NetName=NetD8_2 Pin=R3-1
Removed Pin From Net: NetName=NetD5_2 Pin=R3-2
Removed Pin From Net: NetName=BIO3 Pin=R20-2
Change Component Comment : Designator=R2 Old Comment=1.5K New Comment=4.7K
Added Component: Designator=C31(0603)
Added Component: Designator=C32(0603)
Added Component: Designator=R72(0603)
Added Component: Designator=R73(0603)
Added Pin To Net: NetName=GND Pin=C31-1
Added Pin To Net: NetName=VCC Pin=C31-2
Added Pin To Net: NetName=GND Pin=C32-1
Added Pin To Net: NetName=VCC Pin=C32-2
Added Pin To Net: NetName=VCC Pin=R2-2
Added Pin To Net: NetName=NetD6_2 Pin=R3-1
Added Pin To Net: NetName=GND Pin=R3-2
Added Pin To Net: NetName=NetD8_2 Pin=R72-1
Added Pin To Net: NetName=VCC Pin=R72-2
Added Pin To Net: NetName=GND Pin=R73-1
Added Pin To Net: NetName=NetD5_2 Pin=R73-2
Added Member To Class: ClassName=边缘网关一体 Member=Component C31 0.1uF
Added Member To Class: ClassName=边缘网关一体 Member=Component C32 0.1uF
Added Member To Class: ClassName=边缘网关一体 Member=Component R72 4.7K
Added Member To Class: ClassName=边缘网关一体 Member=Component R73 4.7K
Added Room: Name=边缘网关一体
